This is pdfTeX, Version 3.14159265-2.6-1.40.19 (MiKTeX 2.9.6630 64-bit) (preloaded format=pdflatex 2018.5.31)  4 JUN 2018 09:58
entering extended mode
**./thesis.tex
(thesis.tex
LaTeX2e <2017-04-15>
Babel <3.18> and hyphenation patterns for 75 language(s) loaded.
(template.cls
Document Class: template 

("C:\Users\Jack\AppData\Local\Programs\MiKTeX 2.9\tex\latex\setspace\setspace.s
ty"
Package: setspace 2011/12/19 v6.7a set line spacing
) ("C:\Users\Jack\AppData\Local\Programs\MiKTeX 2.9\tex\latex\base\report.cls"
Document Class: report 2014/09/29 v1.4h Standard LaTeX document class
("C:\Users\Jack\AppData\Local\Programs\MiKTeX 2.9\tex\latex\base\size11.clo"
File: size11.clo 2014/09/29 v1.4h Standard LaTeX file (size option)
)
\c@part=\count79
\c@chapter=\count80
\c@section=\count81
\c@subsection=\count82
\c@subsubsection=\count83
\c@paragraph=\count84
\c@subparagraph=\count85
\c@figure=\count86
\c@table=\count87
\abovecaptionskip=\skip41
\belowcaptionskip=\skip42
\bibindent=\dimen102
))
("C:\Users\Jack\AppData\Local\Programs\MiKTeX 2.9\tex\latex\graphics\graphicx.s
ty"
Package: graphicx 2017/06/01 v1.1a Enhanced LaTeX Graphics (DPC,SPQR)

("C:\Users\Jack\AppData\Local\Programs\MiKTeX 2.9\tex\latex\graphics\keyval.sty
"
Package: keyval 2014/10/28 v1.15 key=value parser (DPC)
\KV@toks@=\toks14
)
("C:\Users\Jack\AppData\Local\Programs\MiKTeX 2.9\tex\latex\graphics\graphics.s
ty"
Package: graphics 2017/06/25 v1.2c Standard LaTeX Graphics (DPC,SPQR)

("C:\Users\Jack\AppData\Local\Programs\MiKTeX 2.9\tex\latex\graphics\trig.sty"
Package: trig 2016/01/03 v1.10 sin cos tan (DPC)
)
("C:\Users\Jack\AppData\Local\Programs\MiKTeX 2.9\tex\latex\graphics-cfg\graphi
cs.cfg"
File: graphics.cfg 2016/06/04 v1.11 sample graphics configuration
)
Package graphics Info: Driver file: pdftex.def on input line 99.

("C:\Users\Jack\AppData\Local\Programs\MiKTeX 2.9\tex\latex\graphics-def\pdftex
.def"
File: pdftex.def 2018/01/08 v1.0l Graphics/color driver for pdftex
))
\Gin@req@height=\dimen103
\Gin@req@width=\dimen104
)
("C:\Users\Jack\AppData\Local\Programs\MiKTeX 2.9\tex\latex\ltxmisc\parskip.sty
"
Package: parskip 2001/04/09 non-zero parskip adjustments
)
("C:\Users\Jack\AppData\Local\Programs\MiKTeX 2.9\tex\latex\appendix\appendix.s
ty"
Package: appendix 2009/09/02 v1.2b extra appendix facilities
\c@@pps=\count88
\c@@ppsavesec=\count89
\c@@ppsaveapp=\count90
) ("C:\Users\Jack\AppData\Local\Programs\MiKTeX 2.9\tex\latex\float\float.sty"
Package: float 2001/11/08 v1.3d Float enhancements (AL)
\c@float@type=\count91
\float@exts=\toks15
\float@box=\box26
\@float@everytoks=\toks16
\@floatcapt=\box27
)
("C:\Users\Jack\AppData\Local\Programs\MiKTeX 2.9\tex\latex\geometry\geometry.s
ty"
Package: geometry 2010/09/12 v5.6 Page Geometry

("C:\Users\Jack\AppData\Local\Programs\MiKTeX 2.9\tex\generic\oberdiek\ifpdf.st
y"
Package: ifpdf 2017/03/15 v3.2 Provides the ifpdf switch
)
("C:\Users\Jack\AppData\Local\Programs\MiKTeX 2.9\tex\generic\oberdiek\ifvtex.s
ty"
Package: ifvtex 2016/05/16 v1.6 Detect VTeX and its facilities (HO)
Package ifvtex Info: VTeX not detected.
)
("C:\Users\Jack\AppData\Local\Programs\MiKTeX 2.9\tex\generic\ifxetex\ifxetex.s
ty"
Package: ifxetex 2010/09/12 v0.6 Provides ifxetex conditional
)
\Gm@cnth=\count92
\Gm@cntv=\count93
\c@Gm@tempcnt=\count94
\Gm@bindingoffset=\dimen105
\Gm@wd@mp=\dimen106
\Gm@odd@mp=\dimen107
\Gm@even@mp=\dimen108
\Gm@layoutwidth=\dimen109
\Gm@layoutheight=\dimen110
\Gm@layouthoffset=\dimen111
\Gm@layoutvoffset=\dimen112
\Gm@dimlist=\toks17

("C:\Users\Jack\AppData\Local\Programs\MiKTeX 2.9\tex\latex\geometry\geometry.c
fg"))
("C:\Users\Jack\AppData\Local\Programs\MiKTeX 2.9\tex\latex\dejavu\DejaVuSans.s
ty"
Package: DejaVuSans 2011/06/01 Style file for DejaVuSans.
)
("C:\Users\Jack\AppData\Local\Programs\MiKTeX 2.9\tex\latex\pdfpages\pdfpages.s
ty"
Package: pdfpages 2017/10/31 v0.5l Insert pages of external PDF documents (AM)
 ("C:\Users\Jack\AppData\Local\Programs\MiKTeX 2.9\tex\latex\base\ifthen.sty"
Package: ifthen 2014/09/29 v1.1c Standard LaTeX ifthen package (DPC)
) ("C:\Users\Jack\AppData\Local\Programs\MiKTeX 2.9\tex\latex\tools\calc.sty"
Package: calc 2014/10/28 v4.3 Infix arithmetic (KKT,FJ)
\calc@Acount=\count95
\calc@Bcount=\count96
\calc@Adimen=\dimen113
\calc@Bdimen=\dimen114
\calc@Askip=\skip43
\calc@Bskip=\skip44
LaTeX Info: Redefining \setlength on input line 80.
LaTeX Info: Redefining \addtolength on input line 81.
\calc@Ccount=\count97
\calc@Cskip=\skip45
) ("C:\Users\Jack\AppData\Local\Programs\MiKTeX 2.9\tex\latex\eso-pic\eso-pic.s
ty"
Package: eso-pic 2018/04/12 v2.0h eso-pic (RN)

("C:\Users\Jack\AppData\Local\Programs\MiKTeX 2.9\tex\generic\oberdiek\atbegshi
.sty"
Package: atbegshi 2016/06/09 v1.18 At begin shipout hook (HO)

("C:\Users\Jack\AppData\Local\Programs\MiKTeX 2.9\tex\generic\oberdiek\infwarer
r.sty"
Package: infwarerr 2016/05/16 v1.4 Providing info/warning/error messages (HO)
)
("C:\Users\Jack\AppData\Local\Programs\MiKTeX 2.9\tex\generic\oberdiek\ltxcmds.
sty"
Package: ltxcmds 2016/05/16 v1.23 LaTeX kernel commands for general use (HO)
))
("C:\Users\Jack\AppData\Local\Programs\MiKTeX 2.9\tex\latex\xcolor\xcolor.sty"
Package: xcolor 2016/05/11 v2.12 LaTeX color extensions (UK)

("C:\Users\Jack\AppData\Local\Programs\MiKTeX 2.9\tex\latex\graphics-cfg\color.
cfg"
File: color.cfg 2016/01/02 v1.6 sample color configuration
)
Package xcolor Info: Driver file: pdftex.def on input line 225.
Package xcolor Info: Model `cmy' substituted by `cmy0' on input line 1348.
Package xcolor Info: Model `hsb' substituted by `rgb' on input line 1352.
Package xcolor Info: Model `RGB' extended on input line 1364.
Package xcolor Info: Model `HTML' substituted by `rgb' on input line 1366.
Package xcolor Info: Model `Hsb' substituted by `hsb' on input line 1367.
Package xcolor Info: Model `tHsb' substituted by `hsb' on input line 1368.
Package xcolor Info: Model `HSB' substituted by `hsb' on input line 1369.
Package xcolor Info: Model `Gray' substituted by `gray' on input line 1370.
Package xcolor Info: Model `wave' substituted by `hsb' on input line 1371.
))
\AM@pagewidth=\dimen115
\AM@pageheight=\dimen116

("C:\Users\Jack\AppData\Local\Programs\MiKTeX 2.9\tex\latex\pdfpages\pppdftex.d
ef"
File: pppdftex.def 2017/10/31 v0.5l Pdfpages driver for pdfTeX (AM)
)
\AM@pagebox=\box28
\AM@global@opts=\toks18
\AM@toc@title=\toks19
\c@AM@survey=\count98
\AM@templatesizebox=\box29
)
("C:\Users\Jack\AppData\Local\Programs\MiKTeX 2.9\tex\latex\natbib\natbib.sty"
Package: natbib 2010/09/13 8.31b (PWD, AO)
\bibhang=\skip46
\bibsep=\skip47
LaTeX Info: Redefining \cite on input line 694.
\c@NAT@ctr=\count99
) ("C:\Users\Jack\AppData\Local\Programs\MiKTeX 2.9\tex\latex\tocloft\tocloft.s
ty"
Package: tocloft 2017/08/31 v2.3i parameterised ToC, etc., typesetting
Package tocloft Info: The document has chapter divisions on input line 51.
\cftparskip=\skip48
\cftbeforetoctitleskip=\skip49
\cftaftertoctitleskip=\skip50
\cftbeforepartskip=\skip51
\cftpartnumwidth=\skip52
\cftpartindent=\skip53
\cftbeforechapskip=\skip54
\cftchapindent=\skip55
\cftchapnumwidth=\skip56
\cftbeforesecskip=\skip57
\cftsecindent=\skip58
\cftsecnumwidth=\skip59
\cftbeforesubsecskip=\skip60
\cftsubsecindent=\skip61
\cftsubsecnumwidth=\skip62
\cftbeforesubsubsecskip=\skip63
\cftsubsubsecindent=\skip64
\cftsubsubsecnumwidth=\skip65
\cftbeforeparaskip=\skip66
\cftparaindent=\skip67
\cftparanumwidth=\skip68
\cftbeforesubparaskip=\skip69
\cftsubparaindent=\skip70
\cftsubparanumwidth=\skip71
\cftbeforeloftitleskip=\skip72
\cftafterloftitleskip=\skip73
\cftbeforefigskip=\skip74
\cftfigindent=\skip75
\cftfignumwidth=\skip76
\c@lofdepth=\count100
\c@lotdepth=\count101
\cftbeforelottitleskip=\skip77
\cftafterlottitleskip=\skip78
\cftbeforetabskip=\skip79
\cfttabindent=\skip80
\cfttabnumwidth=\skip81


Package tocloft Warning: \@starttoc has already been redefined; tocloft bailing
 out. on input line 1147.

)
\c@myequations=\count102
\cftbeforemyequationsskip=\skip82
\cftmyequationsindent=\skip83
\cftmyequationsnumwidth=\skip84
\c@equdepth=\count103
\cftbeforeequtitleskip=\skip85
\cftafterequtitleskip=\skip86
 ("C:\Users\Jack\AppData\Local\Programs\MiKTeX 2.9\tex\latex\base\fontenc.sty"
Package: fontenc 2017/04/05 v2.0i Standard LaTeX package
("C:\Users\Jack\AppData\Local\Programs\MiKTeX 2.9\tex\latex\base\t1enc.def"
File: t1enc.def 2017/04/05 v2.0i Standard LaTeX file
LaTeX Font Info:    Redeclaring font encoding T1 on input line 48.
))
("C:\Users\Jack\AppData\Local\Programs\MiKTeX 2.9\tex\latex\caption\caption.sty
"
Package: caption 2018/05/01 v3.3-147 Customizing captions (AR)

("C:\Users\Jack\AppData\Local\Programs\MiKTeX 2.9\tex\latex\caption\caption3.st
y"
Package: caption3 2018/05/27 v1.8a caption3 kernel (AR)
Package caption3 Info: TeX engine: e-TeX on input line 64.
\captionmargin=\dimen117
\captionmargin@=\dimen118
\captionwidth=\dimen119
\caption@tempdima=\dimen120
\caption@indent=\dimen121
\caption@parindent=\dimen122
\caption@hangindent=\dimen123
)
\c@ContinuedFloat=\count104
Package caption Info: float package is loaded.
)
("C:\Users\Jack\AppData\Local\Programs\MiKTeX 2.9\tex\latex\algorithm2e\algorit
hm2e.sty"
Package: algorithm2e 2017/07/18 v5.2 algorithms environments
\c@AlgoLine=\count105
\algocf@hangindent=\skip87

("C:\Users\Jack\AppData\Local\Programs\MiKTeX 2.9\tex\latex\ifoddpage\ifoddpage
.sty"
Package: ifoddpage 2016/04/23 v1.1 Conditionals for odd/even page detection
\c@checkoddpage=\count106
)
("C:\Users\Jack\AppData\Local\Programs\MiKTeX 2.9\tex\latex\tools\xspace.sty"
Package: xspace 2014/10/28 v1.13 Space after command names (DPC,MH)
)
("C:\Users\Jack\AppData\Local\Programs\MiKTeX 2.9\tex\latex\ltxmisc\relsize.sty
"
Package: relsize 2003/07/04 ver 3.1
)
\skiptotal=\skip88
\skiplinenumber=\skip89
\skiprule=\skip90
\skiphlne=\skip91
\skiptext=\skip92
\skiplength=\skip93
\algomargin=\skip94
\skipalgocfslide=\skip95
\algowidth=\dimen124
\inoutsize=\dimen125
\inoutindent=\dimen126
\interspacetitleruled=\dimen127
\interspacealgoruled=\dimen128
\interspacetitleboxruled=\dimen129
\algocf@ruledwidth=\skip96
\algocf@inoutbox=\box30
\algocf@inputbox=\box31
\AlCapSkip=\skip97
\AlCapHSkip=\skip98
\algoskipindent=\skip99
\algocf@nlbox=\box32
\algocf@hangingbox=\box33
\algocf@untilbox=\box34
\algocf@skipuntil=\skip100
\algocf@capbox=\box35
\algocf@lcaptionbox=\skip101
\algoheightruledefault=\skip102
\algoheightrule=\skip103
\algotitleheightruledefault=\skip104
\algotitleheightrule=\skip105
\c@algocfline=\count107
\c@algocfproc=\count108
\c@algocf=\count109
\algocf@algoframe=\box36
\algocf@algobox=\box37
) ("C:\Users\Jack\AppData\Local\Programs\MiKTeX 2.9\tex\latex\url\url.sty"
\Urlmuskip=\muskip10
Package: url 2013/09/16  ver 3.4  Verb mode for urls, etc.
)
("C:\Users\Jack\AppData\Local\Programs\MiKTeX 2.9\tex\latex\amsmath\amsmath.sty
"
Package: amsmath 2017/09/02 v2.17a AMS math features
\@mathmargin=\skip106

For additional information on amsmath, use the `?' option.
("C:\Users\Jack\AppData\Local\Programs\MiKTeX 2.9\tex\latex\amsmath\amstext.sty
"
Package: amstext 2000/06/29 v2.01 AMS text
 ("C:\Users\Jack\AppData\Local\Programs\MiKTeX 2.9\tex\latex\amsmath\amsgen.sty
"
File: amsgen.sty 1999/11/30 v2.0 generic functions
\@emptytoks=\toks20
\ex@=\dimen130
))
("C:\Users\Jack\AppData\Local\Programs\MiKTeX 2.9\tex\latex\amsmath\amsbsy.sty"
Package: amsbsy 1999/11/29 v1.2d Bold Symbols
\pmbraise@=\dimen131
) ("C:\Users\Jack\AppData\Local\Programs\MiKTeX 2.9\tex\latex\amsmath\amsopn.st
y"
Package: amsopn 2016/03/08 v2.02 operator names
)
\inf@bad=\count110
LaTeX Info: Redefining \frac on input line 213.
\uproot@=\count111
\leftroot@=\count112
LaTeX Info: Redefining \overline on input line 375.
\classnum@=\count113
\DOTSCASE@=\count114
LaTeX Info: Redefining \ldots on input line 472.
LaTeX Info: Redefining \dots on input line 475.
LaTeX Info: Redefining \cdots on input line 596.
\Mathstrutbox@=\box38
\strutbox@=\box39
\big@size=\dimen132
LaTeX Font Info:    Redeclaring font encoding OML on input line 712.
LaTeX Font Info:    Redeclaring font encoding OMS on input line 713.
\macc@depth=\count115
\c@MaxMatrixCols=\count116
\dotsspace@=\muskip11
\c@parentequation=\count117
\dspbrk@lvl=\count118
\tag@help=\toks21
\row@=\count119
\column@=\count120
\maxfields@=\count121
\andhelp@=\toks22
\eqnshift@=\dimen133
\alignsep@=\dimen134
\tagshift@=\dimen135
\tagwidth@=\dimen136
\totwidth@=\dimen137
\lineht@=\dimen138
\@envbody=\toks23
\multlinegap=\skip107
\multlinetaggap=\skip108
\mathdisplay@stack=\toks24
LaTeX Info: Redefining \[ on input line 2817.
LaTeX Info: Redefining \] on input line 2818.
)
("C:\Users\Jack\AppData\Local\Programs\MiKTeX 2.9\tex\latex\amsfonts\amssymb.st
y"
Package: amssymb 2013/01/14 v3.01 AMS font symbols

("C:\Users\Jack\AppData\Local\Programs\MiKTeX 2.9\tex\latex\amsfonts\amsfonts.s
ty"
Package: amsfonts 2013/01/14 v3.01 Basic AMSFonts support
\symAMSa=\mathgroup4
\symAMSb=\mathgroup5
LaTeX Font Info:    Overwriting math alphabet `\mathfrak' in version `bold'
(Font)                  U/euf/m/n --> U/euf/b/n on input line 106.
))
("C:\Users\Jack\AppData\Local\Programs\MiKTeX 2.9\tex\latex\fancybox\fancybox.s
ty"
Package: fancybox 2010/05/15 1.4

Style option: `fancybox' v1.4 <2010/05/15> (tvz)
\@fancybox=\box40
\shadowsize=\dimen139
\@Sbox=\box41
\do@VerbBox=\toks25
\the@fancyput=\toks26
\this@fancyput=\toks27
\EndVerbatimTokens=\toks28
\Verbatim@Outfile=\write3
\Verbatim@Infile=\read1
)
("C:\Users\Jack\AppData\Local\Programs\MiKTeX 2.9\tex\latex\listings\listings.s
ty"
\lst@mode=\count122
\lst@gtempboxa=\box42
\lst@token=\toks29
\lst@length=\count123
\lst@currlwidth=\dimen140
\lst@column=\count124
\lst@pos=\count125
\lst@lostspace=\dimen141
\lst@width=\dimen142
\lst@newlines=\count126
\lst@lineno=\count127
\lst@maxwidth=\dimen143

("C:\Users\Jack\AppData\Local\Programs\MiKTeX 2.9\tex\latex\listings\lstmisc.st
y"
File: lstmisc.sty 2015/06/04 1.6 (Carsten Heinz)
\c@lstnumber=\count128
\lst@skipnumbers=\count129
\lst@framebox=\box43
)
("C:\Users\Jack\AppData\Local\Programs\MiKTeX 2.9\tex\latex\listings\listings.c
fg"
File: listings.cfg 2015/06/04 1.6 listings configuration
))
Package: listings 2015/06/04 1.6 (Carsten Heinz)

("C:\Users\Jack\AppData\Local\Programs\MiKTeX 2.9\tex\latex\tools\multicol.sty"
Package: multicol 2017/04/11 v1.8q multicolumn formatting (FMi)
\c@tracingmulticols=\count130
\mult@box=\box44
\multicol@leftmargin=\dimen144
\c@unbalance=\count131
\c@collectmore=\count132
\doublecol@number=\count133
\multicoltolerance=\count134
\multicolpretolerance=\count135
\full@width=\dimen145
\page@free=\dimen146
\premulticols=\dimen147
\postmulticols=\dimen148
\multicolsep=\skip109
\multicolbaselineskip=\skip110
\partial@page=\box45
\last@line=\box46
\maxbalancingoverflow=\dimen149
\mult@rightbox=\box47
\mult@grightbox=\box48
\mult@gfirstbox=\box49
\mult@firstbox=\box50
\@tempa=\box51
\@tempa=\box52
\@tempa=\box53
\@tempa=\box54
\@tempa=\box55
\@tempa=\box56
\@tempa=\box57
\@tempa=\box58
\@tempa=\box59
\@tempa=\box60
\@tempa=\box61
\@tempa=\box62
\@tempa=\box63
\@tempa=\box64
\@tempa=\box65
\@tempa=\box66
\@tempa=\box67
\c@columnbadness=\count136
\c@finalcolumnbadness=\count137
\last@try=\dimen150
\multicolovershoot=\dimen151
\multicolundershoot=\dimen152
\mult@nat@firstbox=\box68
\colbreak@box=\box69
\mc@col@check@num=\count138
)
("C:\Users\Jack\AppData\Local\Programs\MiKTeX 2.9\tex\latex\datetime\datetime.s
ty"
Package: datetime 2015/03/20 v2.60 Date Time Package

("C:\Users\Jack\AppData\Local\Programs\MiKTeX 2.9\tex\latex\etoolbox\etoolbox.s
ty"
Package: etoolbox 2018/02/11 v2.5e e-TeX tools for LaTeX (JAW)
\etb@tempcnta=\count139
)
("C:\Users\Jack\AppData\Local\Programs\MiKTeX 2.9\tex\latex\fmtcount\fmtcount.s
ty"
Package: fmtcount 2017/12/24 v3.05

("C:\Users\Jack\AppData\Local\Programs\MiKTeX 2.9\tex\latex\xkeyval\xkeyval.sty
"
Package: xkeyval 2014/12/03 v2.7a package option processing (HA)

("C:\Users\Jack\AppData\Local\Programs\MiKTeX 2.9\tex\generic\xkeyval\xkeyval.t
ex"
("C:\Users\Jack\AppData\Local\Programs\MiKTeX 2.9\tex\generic\xkeyval\xkvutils.
tex"
\XKV@toks=\toks30
\XKV@tempa@toks=\toks31
)
\XKV@depth=\count140
File: xkeyval.tex 2014/12/03 v2.7a key=value parser (HA)
))
("C:\Users\Jack\AppData\Local\Programs\MiKTeX 2.9\tex\latex\fmtcount\fcprefix.s
ty"
Package: fcprefix 2012/09/28

("C:\Users\Jack\AppData\Local\Programs\MiKTeX 2.9\tex\latex\fmtcount\fcnumparse
r.sty"
Package: fcnumparser 2017/06/15
\fc@digit@counter=\count141
))
\c@padzeroesN=\count142
\fc@tmpcatcode=\count143
\@DT@modctr=\count144
\@ordinalctr=\count145
\@orgargctr=\count146
\@strctr=\count147
\@tmpstrctr=\count148
\@DT@loopN=\count149
\@DT@X=\count150
)
("C:\Users\Jack\AppData\Local\Programs\MiKTeX 2.9\tex\latex\datetime\datetime-d
efaults.sty"
Package: datetime-defaults 2013/09/10
)
\@day=\count151
\@month=\count152
\@year=\count153
\c@HOUR=\count154
\c@HOURXII=\count155
\c@MINUTE=\count156
\c@TOHOUR=\count157
\c@TOMINUTE=\count158
\c@SECOND=\count159
\currenthour=\count160
\currentminute=\count161
\currentsecond=\count162
Package datetime Info: No datetime.cfg file found, using default settings on in
put line 308.
\@dtctr=\count163
\dayofyear=\count164
\dayofweek=\count165
LaTeX Info: Redefining \today on input line 736.
\dt@a=\toks32
\dt@b=\toks33
)
("C:\Users\Jack\AppData\Local\Programs\MiKTeX 2.9\tex\latex\graphics\rotating.s
ty"
Package: rotating 2016/08/11 v2.16d rotated objects in LaTeX
\c@r@tfl@t=\count166
\rotFPtop=\skip111
\rotFPbot=\skip112
\rot@float@box=\box70
\rot@mess@toks=\toks34
)
("C:\Users\Jack\AppData\Local\Programs\MiKTeX 2.9\tex\latex\booktabs\booktabs.s
ty"
Package: booktabs 2005/04/14 v1.61803 publication quality tables
\heavyrulewidth=\dimen153
\lightrulewidth=\dimen154
\cmidrulewidth=\dimen155
\belowrulesep=\dimen156
\belowbottomsep=\dimen157
\aboverulesep=\dimen158
\abovetopsep=\dimen159
\cmidrulesep=\dimen160
\cmidrulekern=\dimen161
\defaultaddspace=\dimen162
\@cmidla=\count167
\@cmidlb=\count168
\@aboverulesep=\dimen163
\@belowrulesep=\dimen164
\@thisruleclass=\count169
\@lastruleclass=\count170
\@thisrulewidth=\dimen165
)
("C:\Users\Jack\AppData\Local\Programs\MiKTeX 2.9\tex\latex\hyperref\hyperref.s
ty"
Package: hyperref 2018/02/06 v6.86b Hypertext links for LaTeX

("C:\Users\Jack\AppData\Local\Programs\MiKTeX 2.9\tex\generic\oberdiek\hobsub-h
yperref.sty"
Package: hobsub-hyperref 2016/05/16 v1.14 Bundle oberdiek, subset hyperref (HO)


("C:\Users\Jack\AppData\Local\Programs\MiKTeX 2.9\tex\generic\oberdiek\hobsub-g
eneric.sty"
Package: hobsub-generic 2016/05/16 v1.14 Bundle oberdiek, subset generic (HO)
Package: hobsub 2016/05/16 v1.14 Construct package bundles (HO)
Package hobsub Info: Skipping package `infwarerr' (already loaded).
Package hobsub Info: Skipping package `ltxcmds' (already loaded).
Package: ifluatex 2016/05/16 v1.4 Provides the ifluatex switch (HO)
Package ifluatex Info: LuaTeX not detected.
Package hobsub Info: Skipping package `ifvtex' (already loaded).
Package: intcalc 2016/05/16 v1.2 Expandable calculations with integers (HO)
Package hobsub Info: Skipping package `ifpdf' (already loaded).
Package: etexcmds 2016/05/16 v1.6 Avoid name clashes with e-TeX commands (HO)
Package etexcmds Info: Could not find \expanded.
(etexcmds)             That can mean that you are not using pdfTeX 1.50 or
(etexcmds)             that some package has redefined \expanded.
(etexcmds)             In the latter case, load this package earlier.
Package: kvsetkeys 2016/05/16 v1.17 Key value parser (HO)
Package: kvdefinekeys 2016/05/16 v1.4 Define keys (HO)
Package: pdftexcmds 2018/01/21 v0.26 Utility functions of pdfTeX for LuaTeX (HO
)
Package pdftexcmds Info: LuaTeX not detected.
Package pdftexcmds Info: \pdf@primitive is available.
Package pdftexcmds Info: \pdf@ifprimitive is available.
Package pdftexcmds Info: \pdfdraftmode found.
Package: pdfescape 2016/05/16 v1.14 Implements pdfTeX's escape features (HO)
Package: bigintcalc 2016/05/16 v1.4 Expandable calculations on big integers (HO
)
Package: bitset 2016/05/16 v1.2 Handle bit-vector datatype (HO)
Package: uniquecounter 2016/05/16 v1.3 Provide unlimited unique counter (HO)
)
Package hobsub Info: Skipping package `hobsub' (already loaded).
Package: letltxmacro 2016/05/16 v1.5 Let assignment for LaTeX macros (HO)
Package: hopatch 2016/05/16 v1.3 Wrapper for package hooks (HO)
Package: xcolor-patch 2016/05/16 xcolor patch
Package: atveryend 2016/05/16 v1.9 Hooks at the very end of document (HO)
Package hobsub Info: Skipping package `atbegshi' (already loaded).
Package: refcount 2016/05/16 v3.5 Data extraction from label references (HO)
Package: hycolor 2016/05/16 v1.8 Color options for hyperref/bookmark (HO)
)
("C:\Users\Jack\AppData\Local\Programs\MiKTeX 2.9\tex\latex\oberdiek\auxhook.st
y"
Package: auxhook 2016/05/16 v1.4 Hooks for auxiliary files (HO)
)
("C:\Users\Jack\AppData\Local\Programs\MiKTeX 2.9\tex\latex\oberdiek\kvoptions.
sty"
Package: kvoptions 2016/05/16 v3.12 Key value format for package options (HO)
)
\@linkdim=\dimen166
\Hy@linkcounter=\count171
\Hy@pagecounter=\count172

("C:\Users\Jack\AppData\Local\Programs\MiKTeX 2.9\tex\latex\hyperref\pd1enc.def
"
File: pd1enc.def 2018/02/06 v6.86b Hyperref: PDFDocEncoding definition (HO)
)
\Hy@SavedSpaceFactor=\count173

("C:\Users\Jack\AppData\Local\Programs\MiKTeX 2.9\tex\latex\00miktex\hyperref.c
fg"
File: hyperref.cfg 2002/06/06 v1.2 hyperref configuration of TeXLive
)
Package hyperref Info: Option `pdffitwindow' set `true' on input line 4383.
Package hyperref Info: Hyper figures OFF on input line 4509.
Package hyperref Info: Link nesting OFF on input line 4514.
Package hyperref Info: Hyper index ON on input line 4517.
Package hyperref Info: Plain pages OFF on input line 4524.
Package hyperref Info: Backreferencing OFF on input line 4529.
Package hyperref Info: Implicit mode ON; LaTeX internals redefined.
Package hyperref Info: Bookmarks ON on input line 4762.
\c@Hy@tempcnt=\count174
LaTeX Info: Redefining \url on input line 5115.
\XeTeXLinkMargin=\dimen167
\Fld@menulength=\count175
\Field@Width=\dimen168
\Fld@charsize=\dimen169
Package hyperref Info: Hyper figures OFF on input line 6369.
Package hyperref Info: Link nesting OFF on input line 6374.
Package hyperref Info: Hyper index ON on input line 6377.
Package hyperref Info: backreferencing OFF on input line 6384.
Package hyperref Info: Link coloring OFF on input line 6389.
Package hyperref Info: Link coloring with OCG OFF on input line 6394.
Package hyperref Info: PDF/A mode OFF on input line 6399.
LaTeX Info: Redefining \ref on input line 6439.
LaTeX Info: Redefining \pageref on input line 6443.
\Hy@abspage=\count176
\c@Item=\count177
\c@Hfootnote=\count178
)
Package hyperref Info: Driver (autodetected): hpdftex.

("C:\Users\Jack\AppData\Local\Programs\MiKTeX 2.9\tex\latex\hyperref\hpdftex.de
f"
File: hpdftex.def 2018/02/06 v6.86b Hyperref driver for pdfTeX
\Fld@listcount=\count179
\c@bookmark@seq@number=\count180

("C:\Users\Jack\AppData\Local\Programs\MiKTeX 2.9\tex\latex\oberdiek\rerunfilec
heck.sty"
Package: rerunfilecheck 2016/05/16 v1.8 Rerun checks for auxiliary files (HO)
Package uniquecounter Info: New unique counter `rerunfilecheck' on input line 2
82.
)
\Hy@SectionHShift=\skip113
)
Package hyperref Info: Option `colorlinks' set `true' on input line 75.
\c@Theorem=\count181

("C:\Users\Jack\AppData\Local\Programs\MiKTeX 2.9\tex\latex\listings\lstlang1.s
ty"
File: lstlang1.sty 2015/06/04 1.6 listings language file
) (thesis.aux (intro/abstract.aux) (intro/introduction.aux)
(usingLatex/usingLatex.aux) (litreview/litreview.aux)
(background/background.aux) (design/design.aux) (impl/implementation.aux)
(eval/evaluation.aux) (conclude/conclude.aux) (appendix/appendix.aux))
\openout1 = `thesis.aux'.

LaTeX Font Info:    Checking defaults for OML/cmm/m/it on input line 121.
LaTeX Font Info:    ... okay on input line 121.
LaTeX Font Info:    Checking defaults for T1/cmr/m/n on input line 121.
LaTeX Font Info:    ... okay on input line 121.
LaTeX Font Info:    Checking defaults for OT1/cmr/m/n on input line 121.
LaTeX Font Info:    ... okay on input line 121.
LaTeX Font Info:    Checking defaults for OMS/cmsy/m/n on input line 121.
LaTeX Font Info:    ... okay on input line 121.
LaTeX Font Info:    Checking defaults for OMX/cmex/m/n on input line 121.
LaTeX Font Info:    ... okay on input line 121.
LaTeX Font Info:    Checking defaults for U/cmr/m/n on input line 121.
LaTeX Font Info:    ... okay on input line 121.
LaTeX Font Info:    Checking defaults for PD1/pdf/m/n on input line 121.
LaTeX Font Info:    ... okay on input line 121.
LaTeX Font Info:    Try loading font information for T1+DejaVuSans-TLF on input
 line 121.

("C:\Users\Jack\AppData\Local\Programs\MiKTeX 2.9\tex\latex\dejavu\t1dejavusans
-tlf.fd"
File: T1DejaVuSans-TLF.fd 2011/10/30 Font definitions for T1/DejaVuSans-TLF.
)
("C:\Users\Jack\AppData\Local\Programs\MiKTeX 2.9\tex\context\base\supp-pdf.mki
i"
[Loading MPS to PDF converter (version 2006.09.02).]
\scratchcounter=\count182
\scratchdimen=\dimen170
\scratchbox=\box71
\nofMPsegments=\count183
\nofMParguments=\count184
\everyMPshowfont=\toks35
\MPscratchCnt=\count185
\MPscratchDim=\dimen171
\MPnumerator=\count186
\makeMPintoPDFobject=\count187
\everyMPtoPDFconversion=\toks36
)
("C:\Users\Jack\AppData\Local\Programs\MiKTeX 2.9\tex\latex\oberdiek\epstopdf-b
ase.sty"
Package: epstopdf-base 2016/05/15 v2.6 Base part for package epstopdf

("C:\Users\Jack\AppData\Local\Programs\MiKTeX 2.9\tex\latex\oberdiek\grfext.sty
"
Package: grfext 2016/05/16 v1.2 Manage graphics extensions (HO)
)
Package epstopdf-base Info: Redefining graphics rule for `.eps' on input line 4
38.
Package grfext Info: Graphics extension search list:
(grfext)             [.pdf,.png,.jpg,.mps,.jpeg,.jbig2,.jb2,.PDF,.PNG,.JPG,.JPE
G,.JBIG2,.JB2,.eps]
(grfext)             \AppendGraphicsExtensions on input line 456.
)
*geometry* driver: auto-detecting
*geometry* detected driver: pdftex
*geometry* verbose mode - [ preamble ] result:
* driver: pdftex
* paper: a4paper
* layout: <same size as paper>
* layoutoffset:(h,v)=(0.0pt,0.0pt)
* modes: 
* h-part:(L,W,R)=(99.58464pt, 426.79134pt, 71.1319pt)
* v-part:(T,H,B)=(71.13188pt, 682.86613pt, 91.04883pt)
* \paperwidth=597.50787pt
* \paperheight=845.04684pt
* \textwidth=426.79134pt
* \textheight=682.86613pt
* \oddsidemargin=27.31465pt
* \evensidemargin=27.31465pt
* \topmargin=-38.1381pt
* \headheight=12.0pt
* \headsep=25.0pt
* \topskip=11.0pt
* \footskip=30.0pt
* \marginparwidth=50.0pt
* \marginparsep=10.0pt
* \columnsep=10.0pt
* \skip\footins=10.0pt plus 4.0pt minus 2.0pt
* \hoffset=0.0pt
* \voffset=0.0pt
* \mag=1000
* \@twocolumnfalse
* \@twosidefalse
* \@mparswitchfalse
* \@reversemarginfalse
* (1in=72.27pt=25.4mm, 1cm=28.453pt)

\AtBeginShipoutBox=\box72

("C:\Users\Jack\AppData\Local\Programs\MiKTeX 2.9\tex\latex\oberdiek\pdflscape.
sty"
Package: pdflscape 2016/05/14 v0.11 Display of landscape pages in PDF (HO)

("C:\Users\Jack\AppData\Local\Programs\MiKTeX 2.9\tex\latex\graphics\lscape.sty
"
Package: lscape 2000/10/22 v3.01 Landscape Pages (DPC)
)
Package pdflscape Info: Auto-detected driver: pdftex on input line 81.
)
Package caption Info: Begin \AtBeginDocument code.
Package caption Info: hyperref package is loaded.
Package caption Info: listings package is loaded.
Package caption Info: rotating package is loaded.
Package caption Info: End \AtBeginDocument code.
\c@lstlisting=\count188

("C:\Users\Jack\AppData\Local\Programs\MiKTeX 2.9\tex\latex\fmtcount\fc-english
.def"
File: fc-english.def 2016/01/12
)
Package hyperref Info: Link coloring ON on input line 121.

("C:\Users\Jack\AppData\Local\Programs\MiKTeX 2.9\tex\latex\hyperref\nameref.st
y"
Package: nameref 2016/05/21 v2.44 Cross-referencing by name of section

("C:\Users\Jack\AppData\Local\Programs\MiKTeX 2.9\tex\generic\oberdiek\gettitle
string.sty"
Package: gettitlestring 2016/05/16 v1.5 Cleanup title references (HO)
)
\c@section@level=\count189
)
LaTeX Info: Redefining \ref on input line 121.
LaTeX Info: Redefining \pageref on input line 121.
LaTeX Info: Redefining \nameref on input line 121.
 (thesis.out) (thesis.out)
\@outlinefile=\write4
\openout4 = `thesis.out'.

\openout2 = `intro/abstract.aux'.

 (intro/abstract.tex

LaTeX Font Warning: Font shape `T1/DejaVuSans-TLF/m/sc' undefined
(Font)              using `T1/DejaVuSans-TLF/m/n' instead on input line 1.

<bculogo.jpg, id=206, 206.6922pt x 192.2382pt>
File: bculogo.jpg Graphic file (type jpg)
<use bculogo.jpg>
Package pdftex.def Info: bculogo.jpg  used on input line 1.
(pdftex.def)             Requested size: 122.36995pt x 113.81102pt.
[1


{C:/Users/Jack/AppData/Local/MiKTeX/2.9/pdftex/config/pdftex.map} <./bculogo.jp
g>]
LaTeX Font Info:    Font shape `T1/DejaVuSans-TLF/bx/n' in size <24.88> not ava
ilable
(Font)              Font shape `T1/DejaVuSans-TLF/b/n' tried instead on input l
ine 2.
 [2

] [3

]
Underfull \hbox (badness 10000) in paragraph at lines 6--6

 []

LaTeX Font Info:    Try loading font information for U+msa on input line 6.
("C:\Users\Jack\AppData\Local\Programs\MiKTeX 2.9\tex\latex\amsfonts\umsa.fd"
File: umsa.fd 2013/01/14 v3.01 AMS symbols A
)
LaTeX Font Info:    Try loading font information for U+msb on input line 6.

("C:\Users\Jack\AppData\Local\Programs\MiKTeX 2.9\tex\latex\amsfonts\umsb.fd"
File: umsb.fd 2013/01/14 v3.01 AMS symbols B
)
(thesis.toc
LaTeX Font Info:    Font shape `T1/DejaVuSans-TLF/bx/n' in size <10.95> not ava
ilable
(Font)              Font shape `T1/DejaVuSans-TLF/b/n' tried instead on input l
ine 1.
 [4

] [5])
\tf@toc=\write5
\openout5 = `thesis.toc'.

 [6] (thesis.lof)
\tf@lof=\write6
\openout6 = `thesis.lof'.

 [7]) (thesis.equ)
\tf@equ=\write7
\openout7 = `thesis.equ'.

 [8

]
\openout2 = `intro/introduction.aux'.


(intro/introduction.tex
Chapter 1.
LaTeX Font Info:    Font shape `T1/DejaVuSans-TLF/bx/n' in size <20.74> not ava
ilable
(Font)              Font shape `T1/DejaVuSans-TLF/b/n' tried instead on input l
ine 1.
LaTeX Font Info:    Font shape `T1/DejaVuSans-TLF/bx/n' in size <14.4> not avai
lable
(Font)              Font shape `T1/DejaVuSans-TLF/b/n' tried instead on input l
ine 4.
[1


]
Underfull \hbox (badness 10000) in paragraph at lines 27--29

 []


Underfull \hbox (badness 10000) in paragraph at lines 27--29

 []

[2]
LaTeX Font Info:    Try loading font information for OMS+DejaVuSans-TLF on inpu
t line 34.
LaTeX Font Info:    No file OMSDejaVuSans-TLF.fd. on input line 34.


LaTeX Font Warning: Font shape `OMS/DejaVuSans-TLF/m/n' undefined
(Font)              using `OMS/cmsy/m/n' instead
(Font)              for symbol `textbullet' on input line 34.

) [3]
\openout2 = `usingLatex/usingLatex.aux'.

 (usingLatex/usingLatex.tex
Chapter 2.
[4



] [5] [6] [7]
<roccomp.jpg, id=453, 72.27pt x 72.27pt>
File: roccomp.jpg Graphic file (type jpg)
<use roccomp.jpg>
Package pdftex.def Info: roccomp.jpg  used on input line 87.
(pdftex.def)             Requested size: 213.39566pt x 213.40742pt.

Underfull \hbox (badness 10000) in paragraph at lines 93--94

 []


Underfull \hbox (badness 10000) in paragraph at lines 93--94

 []

) [8 <./roccomp.jpg>] [9]
\openout2 = `litreview/litreview.aux'.

 (litreview/litreview.tex
Chapter 3.
<nnarc.png, id=468, 629.35126pt x 279.0425pt>
File: nnarc.png Graphic file (type png)
<use nnarc.png>
Package pdftex.def Info: nnarc.png  used on input line 8.
(pdftex.def)             Requested size: 213.39566pt x 94.61346pt.
[10



 <./nnarc.png>]
<supervisedlearningflowchart.png, id=487, 1027.6794pt x 1099.9494pt>
File: supervisedlearningflowchart.png Graphic file (type png)
<use supervisedlearningflowchart.png>
Package pdftex.def Info: supervisedlearningflowchart.png  used on input line 19
.
(pdftex.def)             Requested size: 213.39566pt x 228.39468pt.
) [11 <./supervisedlearningflowchart.png>]
\openout2 = `background/background.aux'.


(background/background.tex
Chapter 4.
<iterative.png, id=499, 239.39438pt x 119.69719pt>
File: iterative.png Graphic file (type png)
<use iterative.png>
Package pdftex.def Info: iterative.png  used on input line 9.
(pdftex.def)             Requested size: 213.39566pt x 106.69818pt.

Underfull \hbox (badness 10000) in paragraph at lines 6--13

 []

[12



 <./iterative.png>]
LaTeX Font Info:    Try loading font information for T1+cmtt on input line 24.

("C:\Users\Jack\AppData\Local\Programs\MiKTeX 2.9\tex\latex\base\t1cmtt.fd"
File: t1cmtt.fd 2014/09/29 v2.5h Standard LaTeX font definitions
)
<flowchart.png, id=507, 285.31593pt x 586.44093pt>
File: flowchart.png Graphic file (type png)
<use flowchart.png>
Package pdftex.def Info: flowchart.png  used on input line 31.
(pdftex.def)             Requested size: 213.39566pt x 438.61263pt.


LaTeX Warning: `!h' float specifier changed to `!ht'.

) [13] [14 <./flowchart.png>]
\openout2 = `design/design.aux'.

 (design/design.tex
Chapter 5.

Underfull \hbox (badness 10000) in paragraph at lines 12--13

 []


Underfull \hbox (badness 10000) in paragraph at lines 12--13

 []


Underfull \hbox (badness 10000) in paragraph at lines 12--13

 []


Underfull \hbox (badness 10000) in paragraph at lines 12--13

 []

[15



]
<missingVals.png, id=521, 1512.65125pt x 578.16pt>
File: missingVals.png Graphic file (type png)
<use missingVals.png>
Package pdftex.def Info: missingVals.png  used on input line 16.
(pdftex.def)             Requested size: 213.39566pt x 81.55939pt.
<furlongs.png, id=523, 412.54124pt x 279.0425pt>
File: furlongs.png Graphic file (type png)
<use furlongs.png>
Package pdftex.def Info: furlongs.png  used on input line 24.
(pdftex.def)             Requested size: 213.39566pt x 144.34077pt.
<HorseAgeDistro.png, id=526, 412.54124pt x 279.0425pt>
File: HorseAgeDistro.png Graphic file (type png)
<use HorseAgeDistro.png>
Package pdftex.def Info: HorseAgeDistro.png  used on input line 32.
(pdftex.def)             Requested size: 213.39566pt x 144.34077pt.
<HorseAgeBoxplot.png, id=527, 358.33875pt x 266.9975pt>
File: HorseAgeBoxplot.png Graphic file (type png)
<use HorseAgeBoxplot.png>
Package pdftex.def Info: HorseAgeBoxplot.png  used on input line 38.
(pdftex.def)             Requested size: 213.39566pt x 159.00195pt.
 [16 <./missingVals.png> <./furlongs.png>]
<winnersAgeDistro.png, id=536, 406.51875pt x 279.0425pt>
File: winnersAgeDistro.png Graphic file (type png)
<use winnersAgeDistro.png>
Package pdftex.def Info: winnersAgeDistro.png  used on input line 46.
(pdftex.def)             Requested size: 213.39566pt x 146.47821pt.
<download.png, id=537, 412.54124pt x 279.0425pt>
File: download.png Graphic file (type png)
<use download.png>
Package pdftex.def Info: download.png  used on input line 52.
(pdftex.def)             Requested size: 213.39566pt x 144.34077pt.
 [17 <./HorseAgeDistro.png> <./HorseAgeBoxplot.png> <./winnersAgeDistro.png>]) 
[18 <./download.png>]
\openout2 = `impl/implementation.aux'.


(impl/implementation.tex
Chapter 6.
LaTeX Font Info:    Font shape `T1/DejaVuSans-TLF/bx/n' in size <12> not availa
ble
(Font)              Font shape `T1/DejaVuSans-TLF/b/n' tried instead on input l
ine 7.
[19



] [20] [21]
<model1.png, id=569, 414.54875pt x 266.9975pt>
File: model1.png Graphic file (type png)
<use model1.png>
Package pdftex.def Info: model1.png  used on input line 52.
(pdftex.def)             Requested size: 213.39566pt x 137.438pt.
 [22 <./model1.png>]
<model2.png, id=577, 368.37625pt x 277.035pt>
File: model2.png Graphic file (type png)
<use model2.png>
Package pdftex.def Info: model2.png  used on input line 66.
(pdftex.def)             Requested size: 213.39566pt x 160.48172pt.
 [23 <./model2.png>]
<confusionMatrix.png, id=588, 433.62pt x 289.08pt>
File: confusionMatrix.png Graphic file (type png)
<use confusionMatrix.png>
Package pdftex.def Info: confusionMatrix.png  used on input line 82.
(pdftex.def)             Requested size: 213.39566pt x 142.26357pt.
 [24 <./confusionMatrix.png>]
<confusionMatrixkfold.png, id=597, 433.62pt x 289.08pt>
File: confusionMatrixkfold.png Graphic file (type png)
<use confusionMatrixkfold.png>
Package pdftex.def Info: confusionMatrixkfold.png  used on input line 94.
(pdftex.def)             Requested size: 213.39566pt x 142.26357pt.
 [25 <./confusionMatrixkfold.png>]) [26]
\openout2 = `eval/evaluation.aux'.

 (eval/evaluation.tex
Chapter 7.
[27



]) [28] [29]
\openout2 = `conclude/conclude.aux'.

 (conclude/conclude.tex
Chapter 8.
) [30



] [31] (thesis.bbl
Underfull \hbox (badness 10000) in paragraph at lines 41--47
[]\T1/DejaVuSans-TLF/m/n/9 Davoodi, E. and Khantey-moori, A.R., 2010.  Horse Ra
c-ing Pre-dic-tion Us-ing Ar-
 []


Underfull \hbox (badness 10000) in paragraph at lines 41--47
\T1/DejaVuSans-TLF/m/n/9 ti-fi-cial Neu-ral Net-works.  Avail-able from: [][]$\
T1/cmtt/m/n/9 https : / / www . semanticscholar . org /
 []


Underfull \hbox (badness 10000) in paragraph at lines 41--47
\T1/cmtt/m/n/9 paper / Horse-[]Racing-[]Prediction-[]Using-[]Artificial-[]Neura
l-[]Ne-[]Davoodi-[]Khanteymoori /
 []

[32


]
Underfull \hbox (badness 10000) in paragraph at lines 142--147
[]\T1/DejaVuSans-TLF/m/n/9 Levitt, S., 2014.  The think-ing per-son's guide to 
bet-ting the bel-mont
 []


Underfull \hbox (badness 10000) in paragraph at lines 142--147
\T1/DejaVuSans-TLF/m/n/9 stakes - freako-nomics.  Avail-able from: [][]$\T1/cmt
t/m/n/9 http : / / freakonomics . com / 2014 / 06 / 07 /
 []


Underfull \hbox (badness 10000) in paragraph at lines 176--182
\T1/cmtt/m/n/9 publication / 274255770 _ Generating _ Horse _ Racing _ Tips _ a
t _ the _ Champs _ De _ March _ Using _ Fuzzy _
 []

[33]) [34]
\openout2 = `appendix/appendix.aux'.

 (appendix/appendix.tex
Appendix A.

Underfull \hbox (badness 10000) in paragraph at lines 6--6
[]\T1/DejaVuSans-TLF/b/n/10.95 Actual Out-
 []


Underfull \hbox (badness 1406) in paragraph at lines 8--8
[]\T1/DejaVuSans-TLF/m/n/10.95 The data set is opened
 []


Underfull \hbox (badness 10000) in paragraph at lines 12--12
[]\T1/DejaVuSans-TLF/m/n/10.95 training the
 []

! Misplaced \noalign.
\bottomrule ->\noalign 
                       {\ifnum 0=`}\fi \@aboverulesep =\aboverulesep \global...
l.14    \bottomrule
                   
I expect to see \noalign only after the \cr of
an alignment. Proceed, and I'll ignore this case.


Overfull \hbox (73.99997pt too wide) in paragraph at lines 4--17
 [] 
 []


LaTeX Warning: `!h' float specifier changed to `!ht'.

) [35


] [36]
<scan.pdf, id=717, 597.432pt x 845.07718pt>
File: scan.pdf Graphic file (type pdf)
<use scan.pdf>
Package pdftex.def Info: scan.pdf  used on input line 157.
(pdftex.def)             Requested size: 448.0729pt x 633.80634pt.

Overfull \hbox (21.28157pt too wide) in paragraph at lines 157--158
[][] 
 []

Package atveryend Info: Empty hook `BeforeClearDocument' on input line 159.
[37

 <./scan.pdf>]
Package atveryend Info: Empty hook `AfterLastShipout' on input line 159.
 (thesis.aux (intro/abstract.aux) (intro/introduction.aux)
(usingLatex/usingLatex.aux) (litreview/litreview.aux)
(background/background.aux) (design/design.aux) (impl/implementation.aux)
(eval/evaluation.aux) (conclude/conclude.aux) (appendix/appendix.aux))
Package atveryend Info: Executing hook `AtVeryEndDocument' on input line 159.
Package atveryend Info: Executing hook `AtEndAfterFileList' on input line 159.
Package rerunfilecheck Info: File `thesis.out' has not changed.
(rerunfilecheck)             Checksum: 43579802FD22EC74D24668631F35A922;3078.


LaTeX Font Warning: Some font shapes were not available, defaults substituted.


LaTeX Warning: Label(s) may have changed. Rerun to get cross-references right.

 ) 
Here is how much of TeX's memory you used:
 14014 strings out of 493305
 214092 string characters out of 3130237
 360198 words of memory out of 3000000
 17042 multiletter control sequences out of 15000+200000
 45743 words of font info for 69 fonts, out of 3000000 for 9000
 1141 hyphenation exceptions out of 8191
 40i,12n,79p,1134b,494s stack positions out of 5000i,500n,10000p,200000b,50000s
 <C:\Users\Jack\AppData\Local\MiKTeX\2.9\fonts\pk\ljfour\jknappen\ec\dpi600\e
ctt0900.pk>{C:/Users/Jack/AppData/Local/Programs/MiKTeX 2.9/fonts/enc/dvips/dej
avu/dejavusans_t1-type1.enc} <C:\Users\Jack\AppData\Local\MiKTeX\2.9\fonts\pk\l
jfour\jknappen\ec\dpi600\ectt1095.pk><C:/Users/Jack/AppData/Local/Programs/MiKT
eX 2.9/fonts/type1/public/dejavu/DejaVuSans-Bold.pfb><C:/Users/Jack/AppData/Loc
al/Programs/MiKTeX 2.9/fonts/type1/public/dejavu/DejaVuSans-Oblique.pfb><C:/Use
rs/Jack/AppData/Local/Programs/MiKTeX 2.9/fonts/type1/public/dejavu/DejaVuSans.
pfb><C:/Users/Jack/AppData/Local/Programs/MiKTeX 2.9/fonts/type1/public/amsfont
s/cm/cmex10.pfb><C:/Users/Jack/AppData/Local/Programs/MiKTeX 2.9/fonts/type1/pu
blic/amsfonts/cm/cmmi10.pfb><C:/Users/Jack/AppData/Local/Programs/MiKTeX 2.9/fo
nts/type1/public/amsfonts/cm/cmmi8.pfb><C:/Users/Jack/AppData/Local/Programs/Mi
KTeX 2.9/fonts/type1/public/amsfonts/cm/cmr10.pfb><C:/Users/Jack/AppData/Local/
Programs/MiKTeX 2.9/fonts/type1/public/amsfonts/cm/cmr8.pfb><C:/Users/Jack/AppD
ata/Local/Programs/MiKTeX 2.9/fonts/type1/public/amsfonts/cm/cmsy10.pfb>
Output written on thesis.pdf (45 pages, 3661407 bytes).
PDF statistics:
 880 PDF objects out of 1000 (max. 8388607)
 167 named destinations out of 1000 (max. 500000)
 494 words of extra memory for PDF output out of 10000 (max. 10000000)

