\BOOKMARK [0][-]{chapter*.1}{Abstract}{}% 1
\BOOKMARK [0][-]{chapter*.2}{Acknowledgements}{}% 2
\BOOKMARK [0][-]{chapter*.3}{Declaration}{}% 3
\BOOKMARK [0][-]{chapter.1}{Introduction}{}% 4
\BOOKMARK [1][-]{section.1.1}{Background}{chapter.1}% 5
\BOOKMARK [1][-]{section.1.2}{Aim}{chapter.1}% 6
\BOOKMARK [1][-]{section.1.3}{Objectives}{chapter.1}% 7
\BOOKMARK [1][-]{section.1.4}{Product}{chapter.1}% 8
\BOOKMARK [1][-]{section.1.5}{Rationale}{chapter.1}% 9
\BOOKMARK [1][-]{section.1.6}{Chapter List}{chapter.1}% 10
\BOOKMARK [0][-]{chapter.2}{Literature Review}{}% 11
\BOOKMARK [1][-]{section.2.1}{Algorithm Comparison}{chapter.2}% 12
\BOOKMARK [1][-]{section.2.2}{Data Collection}{chapter.2}% 13
\BOOKMARK [1][-]{section.2.3}{Evaluation Metrics}{chapter.2}% 14
\BOOKMARK [1][-]{section.2.4}{Conclusion}{chapter.2}% 15
\BOOKMARK [0][-]{chapter.3}{Background Research}{}% 16
\BOOKMARK [1][-]{section.3.1}{Algorithm}{chapter.3}% 17
\BOOKMARK [1][-]{section.3.2}{Neural Network Learning Process}{chapter.3}% 18
\BOOKMARK [1][-]{section.3.3}{Conclusions}{chapter.3}% 19
\BOOKMARK [0][-]{chapter.4}{Design}{}% 20
\BOOKMARK [1][-]{section.4.1}{Methodology of the Research Artefact}{chapter.4}% 21
\BOOKMARK [1][-]{section.4.2}{Requirements of the Research Artefact}{chapter.4}% 22
\BOOKMARK [1][-]{section.4.3}{Dataset Design}{chapter.4}% 23
\BOOKMARK [1][-]{section.4.4}{Model Design Approach}{chapter.4}% 24
\BOOKMARK [1][-]{section.4.5}{Conclusions}{chapter.4}% 25
\BOOKMARK [0][-]{chapter.5}{Dataset}{}% 26
\BOOKMARK [1][-]{section.5.1}{Dataset Origin}{chapter.5}% 27
\BOOKMARK [1][-]{section.5.2}{Data Exploration}{chapter.5}% 28
\BOOKMARK [1][-]{section.5.3}{Conclusions}{chapter.5}% 29
\BOOKMARK [0][-]{chapter.6}{Implementation}{}% 30
\BOOKMARK [1][-]{section.6.1}{Development Tools}{chapter.6}% 31
\BOOKMARK [2][-]{subsection.6.1.1}{Hardware}{section.6.1}% 32
\BOOKMARK [2][-]{subsection.6.1.2}{Software}{section.6.1}% 33
\BOOKMARK [1][-]{section.6.2}{Data Preprocessing}{chapter.6}% 34
\BOOKMARK [2][-]{subsection.6.2.1}{Loading the Dataset}{section.6.2}% 35
\BOOKMARK [2][-]{subsection.6.2.2}{Handling Missing Data}{section.6.2}% 36
\BOOKMARK [1][-]{section.6.3}{Building the Model}{chapter.6}% 37
\BOOKMARK [2][-]{subsection.6.3.1}{Iteration One}{section.6.3}% 38
\BOOKMARK [2][-]{subsection.6.3.2}{Iteration Two}{section.6.3}% 39
\BOOKMARK [2][-]{subsection.6.3.3}{Iteration Three}{section.6.3}% 40
\BOOKMARK [2][-]{subsection.6.3.4}{Iteration Four}{section.6.3}% 41
\BOOKMARK [1][-]{section.6.4}{Conclusions}{chapter.6}% 42
\BOOKMARK [0][-]{chapter.7}{Evaluation \046 Testing}{}% 43
\BOOKMARK [1][-]{section.7.1}{Evaluation}{chapter.7}% 44
\BOOKMARK [1][-]{section.7.2}{Testing}{chapter.7}% 45
\BOOKMARK [1][-]{section.7.3}{Conclusions}{chapter.7}% 46
\BOOKMARK [0][-]{chapter.8}{Conclusion}{}% 47
\BOOKMARK [1][-]{section.8.1}{Conclusions}{chapter.8}% 48
\BOOKMARK [1][-]{section.8.2}{Future Work}{chapter.8}% 49
\BOOKMARK [0][-]{section.8.2}{Bibliography}{}% 50
\BOOKMARK [0][-]{appendix.A}{Unit Test Table}{}% 51
